# JRE version: OpenJDK Runtime Environment (8.0-b10) (build 1.8.0-262-b10)
# Java VM: OpenJDK 64-Bit Server VM (25.71-b10 mixed mode windows-amd64 compressed oops)
Heap:
 PSYoungGen      total 778240K, used 427758K [0x0000000743180000, 0x000000078f600000, 0x00000007c0000000)
  eden space 770048K, 55% used [0x0000000743180000,0x000000075d2fbab8,0x0000000772180000)
  from space 8192K, 3% used [0x0000000772180000,0x00000007721c0000,0x0000000772980000)
  to   space 8704K, 0% used [0x000000078ed80000,0x000000078ed80000,0x000000078f600000)
 ParOldGen       total 257024K, used 3946K [0x0000000649400000, 0x0000000658f00000, 0x0000000743180000)
  object space 257024K, 1% used [0x0000000649400000,0x00000006497da940,0x0000000658f00000)
 Metaspace       used 17032K, capacity 17678K, committed 17792K, reserved 1064960K
  class space    used 1726K, capacity 1889K, committed 1920K, reserved 1048576K
GC Heap History (10 events):
Event: 4.455 GC heap before
{Heap before GC invocations=5 (full 0):
 PSYoungGen      total 208384K, used 196400K [0x0000000743180000, 0x0000000750c80000, 0x00000007c0000000)
  eden space 192512K, 100% used [0x0000000743180000,0x000000074ed80000,0x000000074ed80000)
  from space 15872K, 24% used [0x000000074fd00000,0x00000007500cc010,0x0000000750c80000)
  to   space 15872K, 0% used [0x000000074ed80000,0x000000074ed80000,0x000000074fd00000)
 ParOldGen       total 257024K, used 176K [0x0000000649400000, 0x0000000658f00000, 0x0000000743180000)
  object space 257024K, 0% used [0x0000000649400000,0x000000064942c010,0x0000000658f00000)
 Metaspace       used 16563K, capacity 17168K, committed 17280K, reserved 1064960K
  class space    used 1677K, capacity 1844K, committed 1920K, reserved 1048576K
Event: 4.458 GC heap after
Heap after GC invocations=5 (full 0):
 PSYoungGen      total 208384K, used 3824K [0x0000000743180000, 0x000000075b880000, 0x00000007c0000000)
  eden space 192512K, 0% used [0x0000000743180000,0x0000000743180000,0x000000074ed80000)
  from space 15872K, 24% used [0x000000074ed80000,0x000000074f13c0e8,0x000000074fd00000)
  to   space 7680K, 0% used [0x000000075b100000,0x000000075b100000,0x000000075b880000)
 ParOldGen       total 257024K, used 184K [0x0000000649400000, 0x0000000658f00000, 0x0000000743180000)
  object space 257024K, 0% used [0x0000000649400000,0x000000064942e010,0x0000000658f00000)
 Metaspace       used 16563K, capacity 17168K, committed 17280K, reserved 1064960K
  class space    used 1677K, capacity 1844K, committed 1920K, reserved 1048576K
}
Event: 4.530 GC heap before
{Heap before GC invocations=6 (full 0):
 PSYoungGen      total 208384K, used 196336K [0x0000000743180000, 0x000000075b880000, 0x00000007c0000000)
  eden space 192512K, 100% used [0x0000000743180000,0x000000074ed80000,0x000000074ed80000)
  from space 15872K, 24% used [0x000000074ed80000,0x000000074f13c0e8,0x000000074fd00000)
  to   space 7680K, 0% used [0x000000075b100000,0x000000075b100000,0x000000075b880000)
 ParOldGen       total 257024K, used 184K [0x0000000649400000, 0x0000000658f00000, 0x0000000743180000)
  object space 257024K, 0% used [0x0000000649400000,0x000000064942e010,0x0000000658f00000)
 Metaspace       used 16568K, capacity 17172K, committed 17280K, reserved 1064960K
  class space    used 1677K, capacity 1844K, committed 1920K, reserved 1048576K
Event: 4.533 GC heap after
Heap after GC invocations=6 (full 0):
 PSYoungGen      total 392704K, used 3920K [0x0000000743180000, 0x000000075b880000, 0x00000007c0000000)
  eden space 385024K, 0% used [0x0000000743180000,0x0000000743180000,0x000000075a980000)
  from space 7680K, 51% used [0x000000075b100000,0x000000075b4d4048,0x000000075b880000)
  to   space 7680K, 0% used [0x000000075a980000,0x000000075a980000,0x000000075b100000)
 ParOldGen       total 257024K, used 192K [0x0000000649400000, 0x0000000658f00000, 0x0000000743180000)
  object space 257024K, 0% used [0x0000000649400000,0x0000000649430010,0x0000000658f00000)
 Metaspace       used 16568K, capacity 17172K, committed 17280K, reserved 1064960K
  class space    used 1677K, capacity 1844K, committed 1920K, reserved 1048576K
}
Event: 4.862 GC heap before
{Heap before GC invocations=7 (full 0):
 PSYoungGen      total 392704K, used 388944K [0x0000000743180000, 0x000000075b880000, 0x00000007c0000000)
  eden space 385024K, 100% used [0x0000000743180000,0x000000075a980000,0x000000075a980000)
  from space 7680K, 51% used [0x000000075b100000,0x000000075b4d4048,0x000000075b880000)
  to   space 7680K, 0% used [0x000000075a980000,0x000000075a980000,0x000000075b100000)
 ParOldGen       total 257024K, used 192K [0x0000000649400000, 0x0000000658f00000, 0x0000000743180000)
  object space 257024K, 0% used [0x0000000649400000,0x0000000649430010,0x0000000658f00000)
 Metaspace       used 16571K, capacity 17180K, committed 17280K, reserved 1064960K
  class space    used 1677K, capacity 1844K, committed 1920K, reserved 1048576K
Event: 4.866 GC heap after
Heap after GC invocations=7 (full 0):
 PSYoungGen      total 392704K, used 352K [0x0000000743180000, 0x0000000773180000, 0x00000007c0000000)
  eden space 385024K, 0% used [0x0000000743180000,0x0000000743180000,0x000000075a980000)
  from space 7680K, 4% used [0x000000075a980000,0x000000075a9d8000,0x000000075b100000)
  to   space 8192K, 0% used [0x0000000772980000,0x0000000772980000,0x0000000773180000)
 ParOldGen       total 257024K, used 3850K [0x0000000649400000, 0x0000000658f00000, 0x0000000743180000)
  object space 257024K, 1% used [0x0000000649400000,0x00000006497c2940,0x0000000658f00000)
 Metaspace       used 16571K, capacity 17180K, committed 17280K, reserved 1064960K
  class space    used 1677K, capacity 1844K, committed 1920K, reserved 1048576K
}
Event: 5.268 GC heap before
{Heap before GC invocations=8 (full 0):
 PSYoungGen      total 392704K, used 385376K [0x0000000743180000, 0x0000000773180000, 0x00000007c0000000)
  eden space 385024K, 100% used [0x0000000743180000,0x000000075a980000,0x000000075a980000)
  from space 7680K, 4% used [0x000000075a980000,0x000000075a9d8000,0x000000075b100000)
  to   space 8192K, 0% used [0x0000000772980000,0x0000000772980000,0x0000000773180000)
 ParOldGen       total 257024K, used 3850K [0x0000000649400000, 0x0000000658f00000, 0x0000000743180000)
  object space 257024K, 1% used [0x0000000649400000,0x00000006497c2940,0x0000000658f00000)
 Metaspace       used 16602K, capacity 17264K, committed 17536K, reserved 1064960K
  class space    used 1678K, capacity 1846K, committed 1920K, reserved 1048576K
Event: 5.269 GC heap after
Heap after GC invocations=8 (full 0):
 PSYoungGen      total 778240K, used 224K [0x0000000743180000, 0x0000000773180000, 0x00000007c0000000)
  eden space 770048K, 0% used [0x0000000743180000,0x0000000743180000,0x0000000772180000)
  from space 8192K, 2% used [0x0000000772980000,0x00000007729b8000,0x0000000773180000)
  to   space 8192K, 0% used [0x0000000772180000,0x0000000772180000,0x0000000772980000)
 ParOldGen       total 257024K, used 3914K [0x0000000649400000, 0x0000000658f00000, 0x0000000743180000)
  object space 257024K, 1% used [0x0000000649400000,0x00000006497d2940,0x0000000658f00000)
 Metaspace       used 16602K, capacity 17264K, committed 17536K, reserved 1064960K
  class space    used 1678K, capacity 1846K, committed 1920K, reserved 1048576K
}
Event: 6.055 GC heap before
{Heap before GC invocations=9 (full 0):
 PSYoungGen      total 778240K, used 770272K [0x0000000743180000, 0x0000000773180000, 0x00000007c0000000)
  eden space 770048K, 100% used [0x0000000743180000,0x0000000772180000,0x0000000772180000)
  from space 8192K, 2% used [0x0000000772980000,0x00000007729b8000,0x0000000773180000)
  to   space 8192K, 0% used [0x0000000772180000,0x0000000772180000,0x0000000772980000)
 ParOldGen       total 257024K, used 3914K [0x0000000649400000, 0x0000000658f00000, 0x0000000743180000)
  object space 257024K, 1% used [0x0000000649400000,0x00000006497d2940,0x0000000658f00000)
 Metaspace       used 16642K, capacity 17308K, committed 17536K, reserved 1064960K
  class space    used 1683K, capacity 1854K, committed 1920K, reserved 1048576K
Event: 6.057 GC heap after
Heap after GC invocations=9 (full 0):
 PSYoungGen      total 778240K, used 256K [0x0000000743180000, 0x000000078f600000, 0x00000007c0000000)
  eden space 770048K, 0% used [0x0000000743180000,0x0000000743180000,0x0000000772180000)
  from space 8192K, 3% used [0x0000000772180000,0x00000007721c0000,0x0000000772980000)
  to   space 8704K, 0% used [0x000000078ed80000,0x000000078ed80000,0x000000078f600000)
 ParOldGen       total 257024K, used 3946K [0x0000000649400000, 0x0000000658f00000, 0x0000000743180000)
  object space 257024K, 1% used [0x0000000649400000,0x00000006497da940,0x0000000658f00000)
 Metaspace       used 16642K, capacity 17308K, committed 17536K, reserved 1064960K
  class space    used 1683K, capacity 1854K, committed 1920K, reserved 1048576K
}

